<?xml version="1.0" encoding="UTF-8"?>
<beans xmlns="http://www.springframework.org/schema/beans"
       xmlns:xsi="http://www.w3.org/2001/XMLSchema-instance"
       xsi:schemaLocation="http://www.springframework.org/schema/beans
        http://www.springframework.org/schema/beans/spring-beans.xsd">

    <bean id="dataSource" class="org.springframework.jdbc.datasource.SimpleDriverDataSource">
        <property name="driverClass" value="org.h2.Driver"/>
        <property name="url" value="jdbc:h2:mem:activiti;DB_CLOSE_DELAY=1000"/>
        <property name="username" value="sa"/>
        <property name="password" value=""/>
    </bean>

    <bean id="transactionManager" class="org.springframework.jdbc.datasource.DataSourceTransactionManager">
        <property name="dataSource" ref="dataSource"/>
    </bean>

    <bean id="transactionAwareDataSource" class="org.springframework.jdbc.datasource.TransactionAwareDataSourceProxy">
        <property name="targetDataSource" ref="dataSource" />
    </bean>

    <bean class="org.springframework.jdbc.core.JdbcTemplate">
        <property name="dataSource" ref="transactionAwareDataSource"/>
    </bean>

    <bean id="processEngineConfiguration" class="org.activiti.spring.SpringProcessEngineConfiguration">
        <property name="processEngineName" value="ACTIVITI-LAB-BPM-ENGINE"/>
        <property name="databaseType" value="h2"/>
        <property name="databaseSchemaUpdate" value="create-drop" />

        <property name="dataSource" ref="transactionAwareDataSource"/>
        <property name="transactionManager" ref="transactionManager"/>

        <property name="deploymentResources" value="classpath*:/lab/bpm/rr.bpmn20.xml" />

        <property name="jobExecutorActivate" value="true"/>
        <property name="asyncExecutorActivate" value="true" />

        <property name="history" value="full"/>

        <property name="customMybatisMappers">
            <set>
                <value>lab.act.service.LabMybatisMapper</value>
            </set>
        </property>
    </bean>

    <bean id="processEngine" class="org.activiti.spring.ProcessEngineFactoryBean">
        <property name="processEngineConfiguration" ref="processEngineConfiguration"/>
    </bean>

    <bean id="repositoryService" factory-bean="processEngine"
          factory-method="getRepositoryService"/>
    <bean id="runtimeService" factory-bean="processEngine"
          factory-method="getRuntimeService"/>
    <bean id="taskService" factory-bean="processEngine"
          factory-method="getTaskService"/>
    <bean id="historyService" factory-bean="processEngine"
          factory-method="getHistoryService"/>
    <bean id="managementService" factory-bean="processEngine"
          factory-method="getManagementService"/>
    <bean id="formService" factory-bean="processEngine"
          factory-method="getFormService"/>
    <bean id="identityService" factory-bean="processEngine"
          factory-method="getIdentityService"/>

    <bean id="actListener"
          class="lab.act.service.ActListener"/>

</beans>